C:\USERS\BELKACEM\DESKTOP\BUCKLAND_PGAIBE_SOURCE_VC6-VS2010\VS2010\BUCKLAND_CHAPTER2-STATE MACHINES\WESTWORLDWITHMESSAGING\DEBUG\WESTWORLDWITHMESSAGING.BSC
C:\USERS\BELKACEM\DESKTOP\BUCKLAND_PGAIBE_SOURCE_VC6-VS2010\VS2010\BUCKLAND_CHAPTER2-STATE MACHINES\WESTWORLDWITHMESSAGING\DEBUG\CRUDETIMER.SBR
C:\USERS\BELKACEM\DESKTOP\BUCKLAND_PGAIBE_SOURCE_VC6-VS2010\VS2010\BUCKLAND_CHAPTER2-STATE MACHINES\WESTWORLDWITHMESSAGING\DEBUG\MINERSWIFEOWNEDSTATES.SBR
C:\USERS\BELKACEM\DESKTOP\BUCKLAND_PGAIBE_SOURCE_VC6-VS2010\VS2010\BUCKLAND_CHAPTER2-STATE MACHINES\WESTWORLDWITHMESSAGING\DEBUG\MINERSWIFE.SBR
C:\USERS\BELKACEM\DESKTOP\BUCKLAND_PGAIBE_SOURCE_VC6-VS2010\VS2010\BUCKLAND_CHAPTER2-STATE MACHINES\WESTWORLDWITHMESSAGING\DEBUG\MINEROWNEDSTATES.SBR
C:\USERS\BELKACEM\DESKTOP\BUCKLAND_PGAIBE_SOURCE_VC6-VS2010\VS2010\BUCKLAND_CHAPTER2-STATE MACHINES\WESTWORLDWITHMESSAGING\DEBUG\MINER.SBR
C:\USERS\BELKACEM\DESKTOP\BUCKLAND_PGAIBE_SOURCE_VC6-VS2010\VS2010\BUCKLAND_CHAPTER2-STATE MACHINES\WESTWORLDWITHMESSAGING\DEBUG\MESSAGEDISPATCHER.SBR
C:\USERS\BELKACEM\DESKTOP\BUCKLAND_PGAIBE_SOURCE_VC6-VS2010\VS2010\BUCKLAND_CHAPTER2-STATE MACHINES\WESTWORLDWITHMESSAGING\DEBUG\MAIN.SBR
C:\USERS\BELKACEM\DESKTOP\BUCKLAND_PGAIBE_SOURCE_VC6-VS2010\VS2010\BUCKLAND_CHAPTER2-STATE MACHINES\WESTWORLDWITHMESSAGING\DEBUG\ENTITYMANAGER.SBR
C:\USERS\BELKACEM\DESKTOP\BUCKLAND_PGAIBE_SOURCE_VC6-VS2010\VS2010\BUCKLAND_CHAPTER2-STATE MACHINES\WESTWORLDWITHMESSAGING\DEBUG\DRUNKARDOWNEDSTATES.SBR
C:\USERS\BELKACEM\DESKTOP\BUCKLAND_PGAIBE_SOURCE_VC6-VS2010\VS2010\BUCKLAND_CHAPTER2-STATE MACHINES\WESTWORLDWITHMESSAGING\DEBUG\DRUNKARD.SBR
C:\USERS\BELKACEM\DESKTOP\BUCKLAND_PGAIBE_SOURCE_VC6-VS2010\VS2010\BUCKLAND_CHAPTER2-STATE MACHINES\WESTWORLDWITHMESSAGING\DEBUG\BASEGAMEENTITY.SBR
C:\USERS\BELKACEM\DESKTOP\BUCKLAND_PGAIBE_SOURCE_VC6-VS2010\VS2010\BUCKLAND_CHAPTER2-STATE MACHINES\WESTWORLDWITHMESSAGING\DEBUG\BASEGAMEENTITY.OBJ
C:\USERS\BELKACEM\DESKTOP\BUCKLAND_PGAIBE_SOURCE_VC6-VS2010\VS2010\BUCKLAND_CHAPTER2-STATE MACHINES\WESTWORLDWITHMESSAGING\DEBUG\ENTITYMANAGER.OBJ
C:\USERS\BELKACEM\DESKTOP\BUCKLAND_PGAIBE_SOURCE_VC6-VS2010\VS2010\BUCKLAND_CHAPTER2-STATE MACHINES\WESTWORLDWITHMESSAGING\DEBUG\MAIN.OBJ
C:\USERS\BELKACEM\DESKTOP\BUCKLAND_PGAIBE_SOURCE_VC6-VS2010\VS2010\BUCKLAND_CHAPTER2-STATE MACHINES\WESTWORLDWITHMESSAGING\DEBUG\MESSAGEDISPATCHER.OBJ
C:\USERS\BELKACEM\DESKTOP\BUCKLAND_PGAIBE_SOURCE_VC6-VS2010\VS2010\BUCKLAND_CHAPTER2-STATE MACHINES\WESTWORLDWITHMESSAGING\DEBUG\MINER.OBJ
C:\USERS\BELKACEM\DESKTOP\BUCKLAND_PGAIBE_SOURCE_VC6-VS2010\VS2010\BUCKLAND_CHAPTER2-STATE MACHINES\WESTWORLDWITHMESSAGING\DEBUG\MINEROWNEDSTATES.OBJ
C:\USERS\BELKACEM\DESKTOP\BUCKLAND_PGAIBE_SOURCE_VC6-VS2010\VS2010\BUCKLAND_CHAPTER2-STATE MACHINES\WESTWORLDWITHMESSAGING\DEBUG\MINERSWIFE.OBJ
C:\USERS\BELKACEM\DESKTOP\BUCKLAND_PGAIBE_SOURCE_VC6-VS2010\VS2010\BUCKLAND_CHAPTER2-STATE MACHINES\WESTWORLDWITHMESSAGING\DEBUG\MINERSWIFEOWNEDSTATES.OBJ
C:\USERS\BELKACEM\DESKTOP\BUCKLAND_PGAIBE_SOURCE_VC6-VS2010\VS2010\BUCKLAND_CHAPTER2-STATE MACHINES\WESTWORLDWITHMESSAGING\DEBUG\CRUDETIMER.OBJ
C:\USERS\BELKACEM\DESKTOP\BUCKLAND_PGAIBE_SOURCE_VC6-VS2010\VS2010\BUCKLAND_CHAPTER2-STATE MACHINES\WESTWORLDWITHMESSAGING\DEBUG\VC110.PDB
C:\USERS\BELKACEM\DESKTOP\BUCKLAND_PGAIBE_SOURCE_VC6-VS2010\VS2010\BUCKLAND_CHAPTER2-STATE MACHINES\WESTWORLDWITHMESSAGING\DEBUG\DRUNKARD.OBJ
C:\USERS\BELKACEM\DESKTOP\BUCKLAND_PGAIBE_SOURCE_VC6-VS2010\VS2010\BUCKLAND_CHAPTER2-STATE MACHINES\WESTWORLDWITHMESSAGING\DEBUG\DRUNKARDOWNEDSTATES.OBJ
C:\Users\belkacem\Desktop\Buckland_PGAIBE_Source_VC6-VS2010\VS2010\Buckland_Chapter2-State Machines\WestWorldWithMessaging\Debug\BaseGameEntity.obj
C:\Users\belkacem\Desktop\Buckland_PGAIBE_Source_VC6-VS2010\VS2010\Buckland_Chapter2-State Machines\WestWorldWithMessaging\Debug\CrudeTimer.obj
C:\Users\belkacem\Desktop\Buckland_PGAIBE_Source_VC6-VS2010\VS2010\Buckland_Chapter2-State Machines\WestWorldWithMessaging\Debug\Drunkard.obj
C:\Users\belkacem\Desktop\Buckland_PGAIBE_Source_VC6-VS2010\VS2010\Buckland_Chapter2-State Machines\WestWorldWithMessaging\Debug\DrunkardOwnedStates.obj
C:\Users\belkacem\Desktop\Buckland_PGAIBE_Source_VC6-VS2010\VS2010\Buckland_Chapter2-State Machines\WestWorldWithMessaging\Debug\EntityManager.obj
C:\Users\belkacem\Desktop\Buckland_PGAIBE_Source_VC6-VS2010\VS2010\Buckland_Chapter2-State Machines\WestWorldWithMessaging\Debug\main.obj
C:\Users\belkacem\Desktop\Buckland_PGAIBE_Source_VC6-VS2010\VS2010\Buckland_Chapter2-State Machines\WestWorldWithMessaging\Debug\MessageDispatcher.obj
C:\Users\belkacem\Desktop\Buckland_PGAIBE_Source_VC6-VS2010\VS2010\Buckland_Chapter2-State Machines\WestWorldWithMessaging\Debug\Miner.obj
C:\Users\belkacem\Desktop\Buckland_PGAIBE_Source_VC6-VS2010\VS2010\Buckland_Chapter2-State Machines\WestWorldWithMessaging\Debug\MinerOwnedStates.obj
C:\Users\belkacem\Desktop\Buckland_PGAIBE_Source_VC6-VS2010\VS2010\Buckland_Chapter2-State Machines\WestWorldWithMessaging\Debug\MinersWife.obj
C:\Users\belkacem\Desktop\Buckland_PGAIBE_Source_VC6-VS2010\VS2010\Buckland_Chapter2-State Machines\WestWorldWithMessaging\Debug\MinersWifeOwnedStates.obj
C:\Users\belkacem\Desktop\Buckland_PGAIBE_Source_VC6-VS2010\VS2010\Buckland_Chapter2-State Machines\WestWorldWithMessaging\Debug\BscMake.command.1.tlog
C:\Users\belkacem\Desktop\Buckland_PGAIBE_Source_VC6-VS2010\VS2010\Buckland_Chapter2-State Machines\WestWorldWithMessaging\Debug\bscmake.read.1.tlog
C:\Users\belkacem\Desktop\Buckland_PGAIBE_Source_VC6-VS2010\VS2010\Buckland_Chapter2-State Machines\WestWorldWithMessaging\Debug\bscmake.write.1.tlog
C:\Users\belkacem\Desktop\Buckland_PGAIBE_Source_VC6-VS2010\VS2010\Buckland_Chapter2-State Machines\WestWorldWithMessaging\Debug\cl.command.1.tlog
C:\Users\belkacem\Desktop\Buckland_PGAIBE_Source_VC6-VS2010\VS2010\Buckland_Chapter2-State Machines\WestWorldWithMessaging\Debug\CL.read.1.tlog
C:\Users\belkacem\Desktop\Buckland_PGAIBE_Source_VC6-VS2010\VS2010\Buckland_Chapter2-State Machines\WestWorldWithMessaging\Debug\CL.write.1.tlog
C:\Users\belkacem\Desktop\Buckland_PGAIBE_Source_VC6-VS2010\VS2010\Buckland_Chapter2-State Machines\WestWorldWithMessaging\Debug\link-cvtres.read.1.tlog
C:\Users\belkacem\Desktop\Buckland_PGAIBE_Source_VC6-VS2010\VS2010\Buckland_Chapter2-State Machines\WestWorldWithMessaging\Debug\link-cvtres.write.1.tlog
C:\Users\belkacem\Desktop\Buckland_PGAIBE_Source_VC6-VS2010\VS2010\Buckland_Chapter2-State Machines\WestWorldWithMessaging\Debug\link-rc.read.1.tlog
C:\Users\belkacem\Desktop\Buckland_PGAIBE_Source_VC6-VS2010\VS2010\Buckland_Chapter2-State Machines\WestWorldWithMessaging\Debug\link-rc.write.1.tlog
C:\Users\belkacem\Desktop\Buckland_PGAIBE_Source_VC6-VS2010\VS2010\Buckland_Chapter2-State Machines\WestWorldWithMessaging\Debug\link.5128-cvtres.read.1.tlog
C:\Users\belkacem\Desktop\Buckland_PGAIBE_Source_VC6-VS2010\VS2010\Buckland_Chapter2-State Machines\WestWorldWithMessaging\Debug\link.5128-cvtres.write.1.tlog
C:\Users\belkacem\Desktop\Buckland_PGAIBE_Source_VC6-VS2010\VS2010\Buckland_Chapter2-State Machines\WestWorldWithMessaging\Debug\link.5128-rc.read.1.tlog
C:\Users\belkacem\Desktop\Buckland_PGAIBE_Source_VC6-VS2010\VS2010\Buckland_Chapter2-State Machines\WestWorldWithMessaging\Debug\link.5128-rc.write.1.tlog
C:\Users\belkacem\Desktop\Buckland_PGAIBE_Source_VC6-VS2010\VS2010\Buckland_Chapter2-State Machines\WestWorldWithMessaging\Debug\link.5128.read.1.tlog
C:\Users\belkacem\Desktop\Buckland_PGAIBE_Source_VC6-VS2010\VS2010\Buckland_Chapter2-State Machines\WestWorldWithMessaging\Debug\link.5128.write.1.tlog
C:\Users\belkacem\Desktop\Buckland_PGAIBE_Source_VC6-VS2010\VS2010\Buckland_Chapter2-State Machines\WestWorldWithMessaging\Debug\link.command.1.tlog
C:\Users\belkacem\Desktop\Buckland_PGAIBE_Source_VC6-VS2010\VS2010\Buckland_Chapter2-State Machines\WestWorldWithMessaging\Debug\link.read.1.tlog
C:\Users\belkacem\Desktop\Buckland_PGAIBE_Source_VC6-VS2010\VS2010\Buckland_Chapter2-State Machines\WestWorldWithMessaging\Debug\link.write.1.tlog
C:\Users\belkacem\Desktop\Buckland_PGAIBE_Source_VC6-VS2010\VS2010\Buckland_Chapter2-State Machines\WestWorldWithMessaging\Debug\vc110.idb
C:\Users\belkacem\Desktop\Buckland_PGAIBE_Source_VC6-VS2010\VS2010\Buckland_Chapter2-State Machines\WestWorldWithMessaging\Debug\vc110.pdb
C:\Users\belkacem\Desktop\Buckland_PGAIBE_Source_VC6-VS2010\VS2010\Buckland_Chapter2-State Machines\WestWorldWithMessaging\Debug\WestWorldWithMessaging.pdb
C:\Users\belkacem\Desktop\Buckland_PGAIBE_Source_VC6-VS2010\VS2010\Buckland_Chapter2-State Machines\WestWorldWithMessaging\Debug\WestWorldWithMessaging.bsc
C:\Users\belkacem\Desktop\Buckland_PGAIBE_Source_VC6-VS2010\VS2010\Buckland_Chapter2-State Machines\WestWorldWithMessaging\Debug\BaseGameEntity.sbr
C:\Users\belkacem\Desktop\Buckland_PGAIBE_Source_VC6-VS2010\VS2010\Buckland_Chapter2-State Machines\WestWorldWithMessaging\Debug\CrudeTimer.sbr
C:\Users\belkacem\Desktop\Buckland_PGAIBE_Source_VC6-VS2010\VS2010\Buckland_Chapter2-State Machines\WestWorldWithMessaging\Debug\Drunkard.sbr
C:\Users\belkacem\Desktop\Buckland_PGAIBE_Source_VC6-VS2010\VS2010\Buckland_Chapter2-State Machines\WestWorldWithMessaging\Debug\DrunkardOwnedStates.sbr
C:\Users\belkacem\Desktop\Buckland_PGAIBE_Source_VC6-VS2010\VS2010\Buckland_Chapter2-State Machines\WestWorldWithMessaging\Debug\EntityManager.sbr
C:\Users\belkacem\Desktop\Buckland_PGAIBE_Source_VC6-VS2010\VS2010\Buckland_Chapter2-State Machines\WestWorldWithMessaging\Debug\main.sbr
C:\Users\belkacem\Desktop\Buckland_PGAIBE_Source_VC6-VS2010\VS2010\Buckland_Chapter2-State Machines\WestWorldWithMessaging\Debug\MessageDispatcher.sbr
C:\Users\belkacem\Desktop\Buckland_PGAIBE_Source_VC6-VS2010\VS2010\Buckland_Chapter2-State Machines\WestWorldWithMessaging\Debug\Miner.sbr
C:\Users\belkacem\Desktop\Buckland_PGAIBE_Source_VC6-VS2010\VS2010\Buckland_Chapter2-State Machines\WestWorldWithMessaging\Debug\MinerOwnedStates.sbr
C:\Users\belkacem\Desktop\Buckland_PGAIBE_Source_VC6-VS2010\VS2010\Buckland_Chapter2-State Machines\WestWorldWithMessaging\Debug\MinersWife.sbr
C:\Users\belkacem\Desktop\Buckland_PGAIBE_Source_VC6-VS2010\VS2010\Buckland_Chapter2-State Machines\WestWorldWithMessaging\Debug\MinersWifeOwnedStates.sbr
